# JRE version: OpenJDK Runtime Environment Temurin-17.0.7+7 (17.0.7+7) (build 17.0.7+7)
# Java VM: OpenJDK 64-Bit Server VM Temurin-17.0.7+7 (17.0.7+7, mixed mode, tiered, compressed oops, compressed class ptrs, g1 gc, windows-amd64)
GC Precious Log:
 CPUs: 8 total, 8 available
 Memory: 8078M
 Large Page Support: Disabled
 NUMA Support: Disabled
 Compressed Oops: Enabled (32-bit)
 Heap Region Size: 1M
 Heap Min Capacity: 8M
 Heap Initial Capacity: 128M
 Heap Max Capacity: 2020M
 Pre-touch: Disabled
 Parallel Workers: 8
 Concurrent Workers: 2
 Concurrent Refinement Workers: 8
 Periodic GC: Disabled
Heap:
 garbage-first heap   total 43008K, used 25834K [0x0000000081c00000, 0x0000000100000000)
  region size 1024K, 5 young (5120K), 2 survivors (2048K)
 Metaspace       used 52719K, committed 53248K, reserved 1114112K
  class space    used 6319K, committed 6592K, reserved 1048576K
GC Heap History (20 events):
Event: 4.714 GC heap before
{Heap before GC invocations=9 (full 0):
 garbage-first heap   total 37888K, used 27852K [0x0000000081c00000, 0x0000000100000000)
  region size 1024K, 14 young (14336K), 2 survivors (2048K)
 Metaspace       used 34133K, committed 34496K, reserved 1114112K
  class space    used 4049K, committed 4224K, reserved 1048576K
}
Event: 4.717 GC heap after
{Heap after GC invocations=10 (full 0):
 garbage-first heap   total 37888K, used 16392K [0x0000000081c00000, 0x0000000100000000)
  region size 1024K, 2 young (2048K), 2 survivors (2048K)
 Metaspace       used 34133K, committed 34496K, reserved 1114112K
  class space    used 4049K, committed 4224K, reserved 1048576K
}
Event: 5.166 GC heap before
{Heap before GC invocations=10 (full 0):
 garbage-first heap   total 37888K, used 24584K [0x0000000081c00000, 0x0000000100000000)
  region size 1024K, 11 young (11264K), 2 survivors (2048K)
 Metaspace       used 35642K, committed 35968K, reserved 1114112K
  class space    used 4271K, committed 4416K, reserved 1048576K
}
Event: 5.170 GC heap after
{Heap after GC invocations=11 (full 0):
 garbage-first heap   total 37888K, used 17477K [0x0000000081c00000, 0x0000000100000000)
  region size 1024K, 2 young (2048K), 2 survivors (2048K)
 Metaspace       used 35642K, committed 35968K, reserved 1114112K
  class space    used 4271K, committed 4416K, reserved 1048576K
}
Event: 5.752 GC heap before
{Heap before GC invocations=12 (full 0):
 garbage-first heap   total 37888K, used 27717K [0x0000000081c00000, 0x0000000100000000)
  region size 1024K, 13 young (13312K), 2 survivors (2048K)
 Metaspace       used 38065K, committed 38464K, reserved 1114112K
  class space    used 4617K, committed 4800K, reserved 1048576K
}
Event: 5.757 GC heap after
{Heap after GC invocations=13 (full 0):
 garbage-first heap   total 37888K, used 18700K [0x0000000081c00000, 0x0000000100000000)
  region size 1024K, 2 young (2048K), 2 survivors (2048K)
 Metaspace       used 38065K, committed 38464K, reserved 1114112K
  class space    used 4617K, committed 4800K, reserved 1048576K
}
Event: 6.086 GC heap before
{Heap before GC invocations=13 (full 0):
 garbage-first heap   total 37888K, used 27916K [0x0000000081c00000, 0x0000000100000000)
  region size 1024K, 12 young (12288K), 2 survivors (2048K)
 Metaspace       used 40031K, committed 40448K, reserved 1114112K
  class space    used 4809K, committed 4992K, reserved 1048576K
}
Event: 6.090 GC heap after
{Heap after GC invocations=14 (full 0):
 garbage-first heap   total 37888K, used 20498K [0x0000000081c00000, 0x0000000100000000)
  region size 1024K, 2 young (2048K), 2 survivors (2048K)
 Metaspace       used 40031K, committed 40448K, reserved 1114112K
  class space    used 4809K, committed 4992K, reserved 1048576K
}
Event: 6.455 GC heap before
{Heap before GC invocations=15 (full 0):
 garbage-first heap   total 37888K, used 27666K [0x0000000081c00000, 0x0000000100000000)
  region size 1024K, 10 young (10240K), 2 survivors (2048K)
 Metaspace       used 41027K, committed 41408K, reserved 1114112K
  class space    used 4924K, committed 5120K, reserved 1048576K
}
Event: 6.458 GC heap after
{Heap after GC invocations=16 (full 0):
 garbage-first heap   total 37888K, used 20554K [0x0000000081c00000, 0x0000000100000000)
  region size 1024K, 1 young (1024K), 1 survivors (1024K)
 Metaspace       used 41027K, committed 41408K, reserved 1114112K
  class space    used 4924K, committed 5120K, reserved 1048576K
}
Event: 6.761 GC heap before
{Heap before GC invocations=16 (full 0):
 garbage-first heap   total 37888K, used 28746K [0x0000000081c00000, 0x0000000100000000)
  region size 1024K, 9 young (9216K), 1 survivors (1024K)
 Metaspace       used 42389K, committed 42816K, reserved 1114112K
  class space    used 5047K, committed 5248K, reserved 1048576K
}
Event: 6.764 GC heap after
{Heap after GC invocations=17 (full 0):
 garbage-first heap   total 37888K, used 20681K [0x0000000081c00000, 0x0000000100000000)
  region size 1024K, 1 young (1024K), 1 survivors (1024K)
 Metaspace       used 42389K, committed 42816K, reserved 1114112K
  class space    used 5047K, committed 5248K, reserved 1048576K
}
Event: 7.056 GC heap before
{Heap before GC invocations=18 (full 0):
 garbage-first heap   total 39936K, used 29897K [0x0000000081c00000, 0x0000000100000000)
  region size 1024K, 10 young (10240K), 1 survivors (1024K)
 Metaspace       used 42949K, committed 43456K, reserved 1114112K
  class space    used 5117K, committed 5376K, reserved 1048576K
}
Event: 7.060 GC heap after
{Heap after GC invocations=19 (full 0):
 garbage-first heap   total 39936K, used 21377K [0x0000000081c00000, 0x0000000100000000)
  region size 1024K, 2 young (2048K), 2 survivors (2048K)
 Metaspace       used 42949K, committed 43456K, reserved 1114112K
  class space    used 5117K, committed 5376K, reserved 1048576K
}
Event: 7.784 GC heap before
{Heap before GC invocations=19 (full 0):
 garbage-first heap   total 39936K, used 30593K [0x0000000081c00000, 0x0000000100000000)
  region size 1024K, 12 young (12288K), 2 survivors (2048K)
 Metaspace       used 48556K, committed 49024K, reserved 1114112K
  class space    used 5723K, committed 5952K, reserved 1048576K
}
Event: 7.788 GC heap after
{Heap after GC invocations=20 (full 0):
 garbage-first heap   total 39936K, used 22309K [0x0000000081c00000, 0x0000000100000000)
  region size 1024K, 2 young (2048K), 2 survivors (2048K)
 Metaspace       used 48556K, committed 49024K, reserved 1114112K
  class space    used 5723K, committed 5952K, reserved 1048576K
}
Event: 8.149 GC heap before
{Heap before GC invocations=21 (full 0):
 garbage-first heap   total 40960K, used 31525K [0x0000000081c00000, 0x0000000100000000)
  region size 1024K, 11 young (11264K), 2 survivors (2048K)
 Metaspace       used 49953K, committed 50432K, reserved 1114112K
  class space    used 5902K, committed 6144K, reserved 1048576K
}
Event: 8.154 GC heap after
{Heap after GC invocations=22 (full 0):
 garbage-first heap   total 40960K, used 23234K [0x0000000081c00000, 0x0000000100000000)
  region size 1024K, 2 young (2048K), 2 survivors (2048K)
 Metaspace       used 49953K, committed 50432K, reserved 1114112K
  class space    used 5902K, committed 6144K, reserved 1048576K
}
Event: 8.651 GC heap before
{Heap before GC invocations=22 (full 0):
 garbage-first heap   total 40960K, used 32450K [0x0000000081c00000, 0x0000000100000000)
  region size 1024K, 12 young (12288K), 2 survivors (2048K)
 Metaspace       used 52238K, committed 52736K, reserved 1114112K
  class space    used 6219K, committed 6464K, reserved 1048576K
}
Event: 8.656 GC heap after
{Heap after GC invocations=23 (full 0):
 garbage-first heap   total 40960K, used 23786K [0x0000000081c00000, 0x0000000100000000)
  region size 1024K, 2 young (2048K), 2 survivors (2048K)
 Metaspace       used 52238K, committed 52736K, reserved 1114112K
  class space    used 6219K, committed 6464K, reserved 1048576K
}

